  main.cpp
E:\2k18 4-2\Graphics lab Assignments\My Assignments\Assignment_lab_3\Lighting on Food Court\sphere.h(177,26): warning C4244: 'initializing': conversion from 'double' to 'float', possible loss of data
E:\2k18 4-2\Graphics lab Assignments\My Assignments\Assignment_lab_3\Lighting on Food Court\sphere.h(178,25): warning C4244: 'initializing': conversion from 'double' to 'float', possible loss of data
E:\2k18 4-2\Graphics lab Assignments\My Assignments\Assignment_lab_3\Lighting on Food Court\sphere.h(180,26): warning C4244: 'initializing': conversion from 'double' to 'float', possible loss of data
E:\2k18 4-2\Graphics lab Assignments\My Assignments\Assignment_lab_3\Lighting on Food Court\tool.h(178,26): warning C4244: 'initializing': conversion from 'double' to 'float', possible loss of data
E:\2k18 4-2\Graphics lab Assignments\My Assignments\Assignment_lab_3\Lighting on Food Court\tool.h(179,25): warning C4244: 'initializing': conversion from 'double' to 'float', possible loss of data
E:\2k18 4-2\Graphics lab Assignments\My Assignments\Assignment_lab_3\Lighting on Food Court\tool.h(181,26): warning C4244: 'initializing': conversion from 'double' to 'float', possible loss of data
E:\2k18 4-2\Graphics lab Assignments\My Assignments\Assignment_lab_3\Lighting on Food Court\tool.h(204,29): warning C4244: 'initializing': conversion from 'double' to 'float', possible loss of data
E:\2k18 4-2\Graphics lab Assignments\My Assignments\Assignment_lab_3\Lighting on Food Court\tool.h(205,31): warning C4244: 'initializing': conversion from 'double' to 'float', possible loss of data
E:\2k18 4-2\Graphics lab Assignments\My Assignments\Assignment_lab_3\Lighting on Food Court\tool.h(175,21): warning C4101: 'z': unreferenced local variable
E:\2k18 4-2\Graphics lab Assignments\My Assignments\Assignment_lab_3\Lighting on Food Court\tool.h(175,15): warning C4101: 'x': unreferenced local variable
E:\2k18 4-2\Graphics lab Assignments\My Assignments\Assignment_lab_3\Lighting on Food Court\tool.h(175,24): warning C4101: 'xz': unreferenced local variable
E:\2k18 4-2\Graphics lab Assignments\My Assignments\Assignment_lab_3\Lighting on Food Court\main.cpp(101,32): warning C4101: 'rotateXMatrix': unreferenced local variable
E:\2k18 4-2\Graphics lab Assignments\My Assignments\Assignment_lab_3\Lighting on Food Court\main.cpp(101,62): warning C4101: 'rotateZMatrix': unreferenced local variable
E:\2k18 4-2\Graphics lab Assignments\My Assignments\Assignment_lab_3\Lighting on Food Court\main.cpp(101,47): warning C4101: 'rotateYMatrix': unreferenced local variable
E:\2k18 4-2\Graphics lab Assignments\My Assignments\Assignment_lab_3\Lighting on Food Court\main.cpp(479,70): warning C4305: 'argument': truncation from 'double' to 'float'
E:\2k18 4-2\Graphics lab Assignments\My Assignments\Assignment_lab_3\Lighting on Food Court\main.cpp(484,54): warning C4305: 'argument': truncation from 'double' to 'float'
E:\2k18 4-2\Graphics lab Assignments\My Assignments\Assignment_lab_3\Lighting on Food Court\main.cpp(485,54): warning C4305: 'argument': truncation from 'double' to 'float'
E:\2k18 4-2\Graphics lab Assignments\My Assignments\Assignment_lab_3\Lighting on Food Court\main.cpp(492,107): warning C4101: 'model2': unreferenced local variable
E:\2k18 4-2\Graphics lab Assignments\My Assignments\Assignment_lab_3\Lighting on Food Court\main.cpp(492,100): warning C4101: 'model1': unreferenced local variable
E:\2k18 4-2\Graphics lab Assignments\My Assignments\Assignment_lab_3\Lighting on Food Court\main.cpp(606,60): warning C4305: 'argument': truncation from 'double' to 'float'
E:\2k18 4-2\Graphics lab Assignments\My Assignments\Assignment_lab_3\Lighting on Food Court\main.cpp(606,51): warning C4305: 'argument': truncation from 'double' to 'float'
E:\2k18 4-2\Graphics lab Assignments\My Assignments\Assignment_lab_3\Lighting on Food Court\main.cpp(606,45): warning C4244: 'argument': conversion from 'int' to 'float', possible loss of data
E:\2k18 4-2\Graphics lab Assignments\My Assignments\Assignment_lab_3\Lighting on Food Court\main.cpp(606,38): warning C4305: 'argument': truncation from 'double' to 'float'
E:\2k18 4-2\Graphics lab Assignments\My Assignments\Assignment_lab_3\Lighting on Food Court\main.cpp(606,32): warning C4305: 'argument': truncation from 'double' to 'float'
E:\2k18 4-2\Graphics lab Assignments\My Assignments\Assignment_lab_3\Lighting on Food Court\main.cpp(609,60): warning C4305: 'argument': truncation from 'double' to 'float'
E:\2k18 4-2\Graphics lab Assignments\My Assignments\Assignment_lab_3\Lighting on Food Court\main.cpp(609,55): warning C4305: 'argument': truncation from 'double' to 'float'
E:\2k18 4-2\Graphics lab Assignments\My Assignments\Assignment_lab_3\Lighting on Food Court\main.cpp(609,50): warning C4305: 'argument': truncation from 'double' to 'float'
E:\2k18 4-2\Graphics lab Assignments\My Assignments\Assignment_lab_3\Lighting on Food Court\main.cpp(609,44): warning C4244: 'argument': conversion from 'int' to 'float', possible loss of data
E:\2k18 4-2\Graphics lab Assignments\My Assignments\Assignment_lab_3\Lighting on Food Court\main.cpp(609,37): warning C4305: 'argument': truncation from 'double' to 'float'
E:\2k18 4-2\Graphics lab Assignments\My Assignments\Assignment_lab_3\Lighting on Food Court\main.cpp(609,32): warning C4305: 'argument': truncation from 'double' to 'float'
E:\2k18 4-2\Graphics lab Assignments\My Assignments\Assignment_lab_3\Lighting on Food Court\main.cpp(614,64): warning C4305: 'argument': truncation from 'double' to 'float'
E:\2k18 4-2\Graphics lab Assignments\My Assignments\Assignment_lab_3\Lighting on Food Court\main.cpp(614,55): warning C4305: 'argument': truncation from 'double' to 'float'
E:\2k18 4-2\Graphics lab Assignments\My Assignments\Assignment_lab_3\Lighting on Food Court\main.cpp(614,46): warning C4244: 'argument': conversion from 'int' to 'float', possible loss of data
E:\2k18 4-2\Graphics lab Assignments\My Assignments\Assignment_lab_3\Lighting on Food Court\main.cpp(614,38): warning C4305: 'argument': truncation from 'double' to 'float'
E:\2k18 4-2\Graphics lab Assignments\My Assignments\Assignment_lab_3\Lighting on Food Court\main.cpp(614,32): warning C4305: 'argument': truncation from 'double' to 'float'
E:\2k18 4-2\Graphics lab Assignments\My Assignments\Assignment_lab_3\Lighting on Food Court\main.cpp(617,64): warning C4305: 'argument': truncation from 'double' to 'float'
E:\2k18 4-2\Graphics lab Assignments\My Assignments\Assignment_lab_3\Lighting on Food Court\main.cpp(617,59): warning C4305: 'argument': truncation from 'double' to 'float'
E:\2k18 4-2\Graphics lab Assignments\My Assignments\Assignment_lab_3\Lighting on Food Court\main.cpp(617,54): warning C4305: 'argument': truncation from 'double' to 'float'
E:\2k18 4-2\Graphics lab Assignments\My Assignments\Assignment_lab_3\Lighting on Food Court\main.cpp(617,45): warning C4244: 'argument': conversion from 'int' to 'float', possible loss of data
E:\2k18 4-2\Graphics lab Assignments\My Assignments\Assignment_lab_3\Lighting on Food Court\main.cpp(617,37): warning C4305: 'argument': truncation from 'double' to 'float'
E:\2k18 4-2\Graphics lab Assignments\My Assignments\Assignment_lab_3\Lighting on Food Court\main.cpp(617,32): warning C4305: 'argument': truncation from 'double' to 'float'
E:\2k18 4-2\Graphics lab Assignments\My Assignments\Assignment_lab_3\Lighting on Food Court\main.cpp(623,47): warning C4305: 'argument': truncation from 'double' to 'float'
E:\2k18 4-2\Graphics lab Assignments\My Assignments\Assignment_lab_3\Lighting on Food Court\main.cpp(623,35): warning C4305: 'argument': truncation from 'double' to 'float'
E:\2k18 4-2\Graphics lab Assignments\My Assignments\Assignment_lab_3\Lighting on Food Court\main.cpp(627,48): warning C4305: 'argument': truncation from 'double' to 'float'
E:\2k18 4-2\Graphics lab Assignments\My Assignments\Assignment_lab_3\Lighting on Food Court\main.cpp(635,53): warning C4305: 'argument': truncation from 'double' to 'float'
E:\2k18 4-2\Graphics lab Assignments\My Assignments\Assignment_lab_3\Lighting on Food Court\main.cpp(635,38): warning C4305: 'argument': truncation from 'double' to 'float'
E:\2k18 4-2\Graphics lab Assignments\My Assignments\Assignment_lab_3\Lighting on Food Court\main.cpp(639,53): warning C4305: 'argument': truncation from 'double' to 'float'
E:\2k18 4-2\Graphics lab Assignments\My Assignments\Assignment_lab_3\Lighting on Food Court\main.cpp(640,52): warning C4305: 'argument': truncation from 'double' to 'float'
E:\2k18 4-2\Graphics lab Assignments\My Assignments\Assignment_lab_3\Lighting on Food Court\main.cpp(640,46): warning C4305: 'argument': truncation from 'double' to 'float'
E:\2k18 4-2\Graphics lab Assignments\My Assignments\Assignment_lab_3\Lighting on Food Court\main.cpp(643,55): warning C4305: 'argument': truncation from 'double' to 'float'
E:\2k18 4-2\Graphics lab Assignments\My Assignments\Assignment_lab_3\Lighting on Food Court\main.cpp(643,41): warning C4305: 'argument': truncation from 'double' to 'float'
E:\2k18 4-2\Graphics lab Assignments\My Assignments\Assignment_lab_3\Lighting on Food Court\main.cpp(648,44): warning C4305: 'argument': truncation from 'double' to 'float'
E:\2k18 4-2\Graphics lab Assignments\My Assignments\Assignment_lab_3\Lighting on Food Court\main.cpp(651,44): warning C4305: 'argument': truncation from 'double' to 'float'
E:\2k18 4-2\Graphics lab Assignments\My Assignments\Assignment_lab_3\Lighting on Food Court\main.cpp(651,28): warning C4305: 'argument': truncation from 'double' to 'float'
E:\2k18 4-2\Graphics lab Assignments\My Assignments\Assignment_lab_3\Lighting on Food Court\main.cpp(655,56): warning C4305: 'argument': truncation from 'double' to 'float'
E:\2k18 4-2\Graphics lab Assignments\My Assignments\Assignment_lab_3\Lighting on Food Court\main.cpp(655,51): warning C4305: 'argument': truncation from 'double' to 'float'
E:\2k18 4-2\Graphics lab Assignments\My Assignments\Assignment_lab_3\Lighting on Food Court\main.cpp(655,41): warning C4305: 'argument': truncation from 'double' to 'float'
E:\2k18 4-2\Graphics lab Assignments\My Assignments\Assignment_lab_3\Lighting on Food Court\main.cpp(656,60): warning C4305: 'argument': truncation from 'double' to 'float'
E:\2k18 4-2\Graphics lab Assignments\My Assignments\Assignment_lab_3\Lighting on Food Court\main.cpp(656,54): warning C4305: 'argument': truncation from 'double' to 'float'
E:\2k18 4-2\Graphics lab Assignments\My Assignments\Assignment_lab_3\Lighting on Food Court\main.cpp(656,46): warning C4305: 'argument': truncation from 'double' to 'float'
E:\2k18 4-2\Graphics lab Assignments\My Assignments\Assignment_lab_3\Lighting on Food Court\main.cpp(659,56): warning C4305: 'argument': truncation from 'double' to 'float'
E:\2k18 4-2\Graphics lab Assignments\My Assignments\Assignment_lab_3\Lighting on Food Court\main.cpp(659,40): warning C4305: 'argument': truncation from 'double' to 'float'
E:\2k18 4-2\Graphics lab Assignments\My Assignments\Assignment_lab_3\Lighting on Food Court\main.cpp(660,60): warning C4305: 'argument': truncation from 'double' to 'float'
E:\2k18 4-2\Graphics lab Assignments\My Assignments\Assignment_lab_3\Lighting on Food Court\main.cpp(660,54): warning C4305: 'argument': truncation from 'double' to 'float'
E:\2k18 4-2\Graphics lab Assignments\My Assignments\Assignment_lab_3\Lighting on Food Court\main.cpp(660,46): warning C4305: 'argument': truncation from 'double' to 'float'
E:\2k18 4-2\Graphics lab Assignments\My Assignments\Assignment_lab_3\Lighting on Food Court\main.cpp(663,56): warning C4305: 'argument': truncation from 'double' to 'float'
E:\2k18 4-2\Graphics lab Assignments\My Assignments\Assignment_lab_3\Lighting on Food Court\main.cpp(663,40): warning C4305: 'argument': truncation from 'double' to 'float'
E:\2k18 4-2\Graphics lab Assignments\My Assignments\Assignment_lab_3\Lighting on Food Court\main.cpp(667,53): warning C4305: 'argument': truncation from 'double' to 'float'
E:\2k18 4-2\Graphics lab Assignments\My Assignments\Assignment_lab_3\Lighting on Food Court\main.cpp(667,37): warning C4305: 'argument': truncation from 'double' to 'float'
E:\2k18 4-2\Graphics lab Assignments\My Assignments\Assignment_lab_3\Lighting on Food Court\main.cpp(667,31): warning C4305: 'argument': truncation from 'double' to 'float'
E:\2k18 4-2\Graphics lab Assignments\My Assignments\Assignment_lab_3\Lighting on Food Court\main.cpp(673,59): warning C4305: 'argument': truncation from 'double' to 'float'
E:\2k18 4-2\Graphics lab Assignments\My Assignments\Assignment_lab_3\Lighting on Food Court\main.cpp(673,53): warning C4305: 'argument': truncation from 'double' to 'float'
E:\2k18 4-2\Graphics lab Assignments\My Assignments\Assignment_lab_3\Lighting on Food Court\main.cpp(673,48): warning C4305: 'argument': truncation from 'double' to 'float'
E:\2k18 4-2\Graphics lab Assignments\My Assignments\Assignment_lab_3\Lighting on Food Court\main.cpp(673,42): warning C4305: 'argument': truncation from 'double' to 'float'
E:\2k18 4-2\Graphics lab Assignments\My Assignments\Assignment_lab_3\Lighting on Food Court\main.cpp(673,28): warning C4305: 'argument': truncation from 'double' to 'float'
E:\2k18 4-2\Graphics lab Assignments\My Assignments\Assignment_lab_3\Lighting on Food Court\main.cpp(676,58): warning C4305: 'argument': truncation from 'double' to 'float'
E:\2k18 4-2\Graphics lab Assignments\My Assignments\Assignment_lab_3\Lighting on Food Court\main.cpp(676,52): warning C4305: 'argument': truncation from 'double' to 'float'
E:\2k18 4-2\Graphics lab Assignments\My Assignments\Assignment_lab_3\Lighting on Food Court\main.cpp(676,47): warning C4305: 'argument': truncation from 'double' to 'float'
E:\2k18 4-2\Graphics lab Assignments\My Assignments\Assignment_lab_3\Lighting on Food Court\main.cpp(676,42): warning C4305: 'argument': truncation from 'double' to 'float'
E:\2k18 4-2\Graphics lab Assignments\My Assignments\Assignment_lab_3\Lighting on Food Court\main.cpp(676,28): warning C4305: 'argument': truncation from 'double' to 'float'
E:\2k18 4-2\Graphics lab Assignments\My Assignments\Assignment_lab_3\Lighting on Food Court\main.cpp(681,52): warning C4305: 'argument': truncation from 'double' to 'float'
E:\2k18 4-2\Graphics lab Assignments\My Assignments\Assignment_lab_3\Lighting on Food Court\main.cpp(681,40): warning C4305: 'argument': truncation from 'double' to 'float'
E:\2k18 4-2\Graphics lab Assignments\My Assignments\Assignment_lab_3\Lighting on Food Court\main.cpp(687,51): warning C4305: 'argument': truncation from 'double' to 'float'
E:\2k18 4-2\Graphics lab Assignments\My Assignments\Assignment_lab_3\Lighting on Food Court\main.cpp(687,40): warning C4305: 'argument': truncation from 'double' to 'float'
E:\2k18 4-2\Graphics lab Assignments\My Assignments\Assignment_lab_3\Lighting on Food Court\main.cpp(696,49): warning C4305: 'argument': truncation from 'double' to 'float'
E:\2k18 4-2\Graphics lab Assignments\My Assignments\Assignment_lab_3\Lighting on Food Court\main.cpp(696,44): warning C4305: 'argument': truncation from 'double' to 'float'
E:\2k18 4-2\Graphics lab Assignments\My Assignments\Assignment_lab_3\Lighting on Food Court\main.cpp(696,29): warning C4305: 'argument': truncation from 'double' to 'float'
E:\2k18 4-2\Graphics lab Assignments\My Assignments\Assignment_lab_3\Lighting on Food Court\main.cpp(697,60): warning C4305: 'argument': truncation from 'double' to 'float'
E:\2k18 4-2\Graphics lab Assignments\My Assignments\Assignment_lab_3\Lighting on Food Court\main.cpp(697,54): warning C4305: 'argument': truncation from 'double' to 'float'
E:\2k18 4-2\Graphics lab Assignments\My Assignments\Assignment_lab_3\Lighting on Food Court\main.cpp(697,46): warning C4305: 'argument': truncation from 'double' to 'float'
E:\2k18 4-2\Graphics lab Assignments\My Assignments\Assignment_lab_3\Lighting on Food Court\main.cpp(700,43): warning C4305: 'argument': truncation from 'double' to 'float'
E:\2k18 4-2\Graphics lab Assignments\My Assignments\Assignment_lab_3\Lighting on Food Court\main.cpp(700,29): warning C4305: 'argument': truncation from 'double' to 'float'
E:\2k18 4-2\Graphics lab Assignments\My Assignments\Assignment_lab_3\Lighting on Food Court\main.cpp(701,60): warning C4305: 'argument': truncation from 'double' to 'float'
E:\2k18 4-2\Graphics lab Assignments\My Assignments\Assignment_lab_3\Lighting on Food Court\main.cpp(701,54): warning C4305: 'argument': truncation from 'double' to 'float'
E:\2k18 4-2\Graphics lab Assignments\My Assignments\Assignment_lab_3\Lighting on Food Court\main.cpp(701,46): warning C4305: 'argument': truncation from 'double' to 'float'
E:\2k18 4-2\Graphics lab Assignments\My Assignments\Assignment_lab_3\Lighting on Food Court\main.cpp(704,43): warning C4305: 'argument': truncation from 'double' to 'float'
E:\2k18 4-2\Graphics lab Assignments\My Assignments\Assignment_lab_3\Lighting on Food Court\main.cpp(704,29): warning C4305: 'argument': truncation from 'double' to 'float'
E:\2k18 4-2\Graphics lab Assignments\My Assignments\Assignment_lab_3\Lighting on Food Court\main.cpp(707,48): warning C4305: 'argument': truncation from 'double' to 'float'
E:\2k18 4-2\Graphics lab Assignments\My Assignments\Assignment_lab_3\Lighting on Food Court\main.cpp(707,42): warning C4305: 'argument': truncation from 'double' to 'float'
E:\2k18 4-2\Graphics lab Assignments\My Assignments\Assignment_lab_3\Lighting on Food Court\main.cpp(707,29): warning C4305: 'argument': truncation from 'double' to 'float'
E:\2k18 4-2\Graphics lab Assignments\My Assignments\Assignment_lab_3\Lighting on Food Court\main.cpp(715,46): warning C4305: 'argument': truncation from 'double' to 'float'
E:\2k18 4-2\Graphics lab Assignments\My Assignments\Assignment_lab_3\Lighting on Food Court\main.cpp(716,61): warning C4305: 'argument': truncation from 'double' to 'float'
E:\2k18 4-2\Graphics lab Assignments\My Assignments\Assignment_lab_3\Lighting on Food Court\main.cpp(716,54): warning C4305: 'argument': truncation from 'double' to 'float'
E:\2k18 4-2\Graphics lab Assignments\My Assignments\Assignment_lab_3\Lighting on Food Court\main.cpp(716,46): warning C4305: 'argument': truncation from 'double' to 'float'
E:\2k18 4-2\Graphics lab Assignments\My Assignments\Assignment_lab_3\Lighting on Food Court\main.cpp(719,54): warning C4305: 'argument': truncation from 'double' to 'float'
E:\2k18 4-2\Graphics lab Assignments\My Assignments\Assignment_lab_3\Lighting on Food Court\main.cpp(720,60): warning C4305: 'argument': truncation from 'double' to 'float'
E:\2k18 4-2\Graphics lab Assignments\My Assignments\Assignment_lab_3\Lighting on Food Court\main.cpp(720,54): warning C4305: 'argument': truncation from 'double' to 'float'
E:\2k18 4-2\Graphics lab Assignments\My Assignments\Assignment_lab_3\Lighting on Food Court\main.cpp(720,46): warning C4305: 'argument': truncation from 'double' to 'float'
E:\2k18 4-2\Graphics lab Assignments\My Assignments\Assignment_lab_3\Lighting on Food Court\main.cpp(722,53): warning C4305: 'argument': truncation from 'double' to 'float'
E:\2k18 4-2\Graphics lab Assignments\My Assignments\Assignment_lab_3\Lighting on Food Court\main.cpp(723,60): warning C4305: 'argument': truncation from 'double' to 'float'
E:\2k18 4-2\Graphics lab Assignments\My Assignments\Assignment_lab_3\Lighting on Food Court\main.cpp(723,54): warning C4305: 'argument': truncation from 'double' to 'float'
E:\2k18 4-2\Graphics lab Assignments\My Assignments\Assignment_lab_3\Lighting on Food Court\main.cpp(723,46): warning C4305: 'argument': truncation from 'double' to 'float'
E:\2k18 4-2\Graphics lab Assignments\My Assignments\Assignment_lab_3\Lighting on Food Court\main.cpp(725,56): warning C4305: 'argument': truncation from 'double' to 'float'
E:\2k18 4-2\Graphics lab Assignments\My Assignments\Assignment_lab_3\Lighting on Food Court\main.cpp(726,60): warning C4305: 'argument': truncation from 'double' to 'float'
E:\2k18 4-2\Graphics lab Assignments\My Assignments\Assignment_lab_3\Lighting on Food Court\main.cpp(726,54): warning C4305: 'argument': truncation from 'double' to 'float'
E:\2k18 4-2\Graphics lab Assignments\My Assignments\Assignment_lab_3\Lighting on Food Court\main.cpp(726,46): warning C4305: 'argument': truncation from 'double' to 'float'
E:\2k18 4-2\Graphics lab Assignments\My Assignments\Assignment_lab_3\Lighting on Food Court\main.cpp(729,49): warning C4305: 'argument': truncation from 'double' to 'float'
E:\2k18 4-2\Graphics lab Assignments\My Assignments\Assignment_lab_3\Lighting on Food Court\main.cpp(730,60): warning C4305: 'argument': truncation from 'double' to 'float'
E:\2k18 4-2\Graphics lab Assignments\My Assignments\Assignment_lab_3\Lighting on Food Court\main.cpp(730,54): warning C4305: 'argument': truncation from 'double' to 'float'
E:\2k18 4-2\Graphics lab Assignments\My Assignments\Assignment_lab_3\Lighting on Food Court\main.cpp(730,46): warning C4305: 'argument': truncation from 'double' to 'float'
E:\2k18 4-2\Graphics lab Assignments\My Assignments\Assignment_lab_3\Lighting on Food Court\main.cpp(732,49): warning C4305: 'argument': truncation from 'double' to 'float'
E:\2k18 4-2\Graphics lab Assignments\My Assignments\Assignment_lab_3\Lighting on Food Court\main.cpp(733,60): warning C4305: 'argument': truncation from 'double' to 'float'
E:\2k18 4-2\Graphics lab Assignments\My Assignments\Assignment_lab_3\Lighting on Food Court\main.cpp(733,54): warning C4305: 'argument': truncation from 'double' to 'float'
E:\2k18 4-2\Graphics lab Assignments\My Assignments\Assignment_lab_3\Lighting on Food Court\main.cpp(733,46): warning C4305: 'argument': truncation from 'double' to 'float'
E:\2k18 4-2\Graphics lab Assignments\My Assignments\Assignment_lab_3\Lighting on Food Court\main.cpp(735,51): warning C4305: 'argument': truncation from 'double' to 'float'
E:\2k18 4-2\Graphics lab Assignments\My Assignments\Assignment_lab_3\Lighting on Food Court\main.cpp(735,35): warning C4305: 'argument': truncation from 'double' to 'float'
E:\2k18 4-2\Graphics lab Assignments\My Assignments\Assignment_lab_3\Lighting on Food Court\main.cpp(736,60): warning C4305: 'argument': truncation from 'double' to 'float'
E:\2k18 4-2\Graphics lab Assignments\My Assignments\Assignment_lab_3\Lighting on Food Court\main.cpp(736,54): warning C4305: 'argument': truncation from 'double' to 'float'
E:\2k18 4-2\Graphics lab Assignments\My Assignments\Assignment_lab_3\Lighting on Food Court\main.cpp(736,46): warning C4305: 'argument': truncation from 'double' to 'float'
E:\2k18 4-2\Graphics lab Assignments\My Assignments\Assignment_lab_3\Lighting on Food Court\main.cpp(738,49): warning C4305: 'argument': truncation from 'double' to 'float'
E:\2k18 4-2\Graphics lab Assignments\My Assignments\Assignment_lab_3\Lighting on Food Court\main.cpp(739,60): warning C4305: 'argument': truncation from 'double' to 'float'
E:\2k18 4-2\Graphics lab Assignments\My Assignments\Assignment_lab_3\Lighting on Food Court\main.cpp(739,54): warning C4305: 'argument': truncation from 'double' to 'float'
E:\2k18 4-2\Graphics lab Assignments\My Assignments\Assignment_lab_3\Lighting on Food Court\main.cpp(739,46): warning C4305: 'argument': truncation from 'double' to 'float'
E:\2k18 4-2\Graphics lab Assignments\My Assignments\Assignment_lab_3\Lighting on Food Court\main.cpp(744,48): warning C4305: 'argument': truncation from 'double' to 'float'
E:\2k18 4-2\Graphics lab Assignments\My Assignments\Assignment_lab_3\Lighting on Food Court\main.cpp(744,43): warning C4305: 'argument': truncation from 'double' to 'float'
E:\2k18 4-2\Graphics lab Assignments\My Assignments\Assignment_lab_3\Lighting on Food Court\main.cpp(745,61): warning C4305: 'argument': truncation from 'double' to 'float'
E:\2k18 4-2\Graphics lab Assignments\My Assignments\Assignment_lab_3\Lighting on Food Court\main.cpp(745,54): warning C4305: 'argument': truncation from 'double' to 'float'
E:\2k18 4-2\Graphics lab Assignments\My Assignments\Assignment_lab_3\Lighting on Food Court\main.cpp(745,46): warning C4305: 'argument': truncation from 'double' to 'float'
E:\2k18 4-2\Graphics lab Assignments\My Assignments\Assignment_lab_3\Lighting on Food Court\main.cpp(748,56): warning C4305: 'argument': truncation from 'double' to 'float'
E:\2k18 4-2\Graphics lab Assignments\My Assignments\Assignment_lab_3\Lighting on Food Court\main.cpp(748,43): warning C4305: 'argument': truncation from 'double' to 'float'
E:\2k18 4-2\Graphics lab Assignments\My Assignments\Assignment_lab_3\Lighting on Food Court\main.cpp(749,60): warning C4305: 'argument': truncation from 'double' to 'float'
E:\2k18 4-2\Graphics lab Assignments\My Assignments\Assignment_lab_3\Lighting on Food Court\main.cpp(749,54): warning C4305: 'argument': truncation from 'double' to 'float'
E:\2k18 4-2\Graphics lab Assignments\My Assignments\Assignment_lab_3\Lighting on Food Court\main.cpp(749,46): warning C4305: 'argument': truncation from 'double' to 'float'
E:\2k18 4-2\Graphics lab Assignments\My Assignments\Assignment_lab_3\Lighting on Food Court\main.cpp(751,56): warning C4305: 'argument': truncation from 'double' to 'float'
E:\2k18 4-2\Graphics lab Assignments\My Assignments\Assignment_lab_3\Lighting on Food Court\main.cpp(751,43): warning C4305: 'argument': truncation from 'double' to 'float'
E:\2k18 4-2\Graphics lab Assignments\My Assignments\Assignment_lab_3\Lighting on Food Court\main.cpp(752,60): warning C4305: 'argument': truncation from 'double' to 'float'
E:\2k18 4-2\Graphics lab Assignments\My Assignments\Assignment_lab_3\Lighting on Food Court\main.cpp(752,54): warning C4305: 'argument': truncation from 'double' to 'float'
E:\2k18 4-2\Graphics lab Assignments\My Assignments\Assignment_lab_3\Lighting on Food Court\main.cpp(752,46): warning C4305: 'argument': truncation from 'double' to 'float'
E:\2k18 4-2\Graphics lab Assignments\My Assignments\Assignment_lab_3\Lighting on Food Court\main.cpp(754,56): warning C4305: 'argument': truncation from 'double' to 'float'
E:\2k18 4-2\Graphics lab Assignments\My Assignments\Assignment_lab_3\Lighting on Food Court\main.cpp(754,43): warning C4305: 'argument': truncation from 'double' to 'float'
E:\2k18 4-2\Graphics lab Assignments\My Assignments\Assignment_lab_3\Lighting on Food Court\main.cpp(755,60): warning C4305: 'argument': truncation from 'double' to 'float'
E:\2k18 4-2\Graphics lab Assignments\My Assignments\Assignment_lab_3\Lighting on Food Court\main.cpp(755,54): warning C4305: 'argument': truncation from 'double' to 'float'
E:\2k18 4-2\Graphics lab Assignments\My Assignments\Assignment_lab_3\Lighting on Food Court\main.cpp(755,46): warning C4305: 'argument': truncation from 'double' to 'float'
E:\2k18 4-2\Graphics lab Assignments\My Assignments\Assignment_lab_3\Lighting on Food Court\main.cpp(758,51): warning C4305: 'argument': truncation from 'double' to 'float'
E:\2k18 4-2\Graphics lab Assignments\My Assignments\Assignment_lab_3\Lighting on Food Court\main.cpp(758,43): warning C4305: 'argument': truncation from 'double' to 'float'
E:\2k18 4-2\Graphics lab Assignments\My Assignments\Assignment_lab_3\Lighting on Food Court\main.cpp(759,60): warning C4305: 'argument': truncation from 'double' to 'float'
E:\2k18 4-2\Graphics lab Assignments\My Assignments\Assignment_lab_3\Lighting on Food Court\main.cpp(759,54): warning C4305: 'argument': truncation from 'double' to 'float'
E:\2k18 4-2\Graphics lab Assignments\My Assignments\Assignment_lab_3\Lighting on Food Court\main.cpp(759,46): warning C4305: 'argument': truncation from 'double' to 'float'
E:\2k18 4-2\Graphics lab Assignments\My Assignments\Assignment_lab_3\Lighting on Food Court\main.cpp(761,51): warning C4305: 'argument': truncation from 'double' to 'float'
E:\2k18 4-2\Graphics lab Assignments\My Assignments\Assignment_lab_3\Lighting on Food Court\main.cpp(761,43): warning C4305: 'argument': truncation from 'double' to 'float'
E:\2k18 4-2\Graphics lab Assignments\My Assignments\Assignment_lab_3\Lighting on Food Court\main.cpp(762,60): warning C4305: 'argument': truncation from 'double' to 'float'
E:\2k18 4-2\Graphics lab Assignments\My Assignments\Assignment_lab_3\Lighting on Food Court\main.cpp(762,54): warning C4305: 'argument': truncation from 'double' to 'float'
E:\2k18 4-2\Graphics lab Assignments\My Assignments\Assignment_lab_3\Lighting on Food Court\main.cpp(762,46): warning C4305: 'argument': truncation from 'double' to 'float'
E:\2k18 4-2\Graphics lab Assignments\My Assignments\Assignment_lab_3\Lighting on Food Court\main.cpp(764,51): warning C4305: 'argument': truncation from 'double' to 'float'
E:\2k18 4-2\Graphics lab Assignments\My Assignments\Assignment_lab_3\Lighting on Food Court\main.cpp(764,43): warning C4305: 'argument': truncation from 'double' to 'float'
E:\2k18 4-2\Graphics lab Assignments\My Assignments\Assignment_lab_3\Lighting on Food Court\main.cpp(764,35): warning C4305: 'argument': truncation from 'double' to 'float'
E:\2k18 4-2\Graphics lab Assignments\My Assignments\Assignment_lab_3\Lighting on Food Court\main.cpp(765,60): warning C4305: 'argument': truncation from 'double' to 'float'
E:\2k18 4-2\Graphics lab Assignments\My Assignments\Assignment_lab_3\Lighting on Food Court\main.cpp(765,54): warning C4305: 'argument': truncation from 'double' to 'float'
E:\2k18 4-2\Graphics lab Assignments\My Assignments\Assignment_lab_3\Lighting on Food Court\main.cpp(765,46): warning C4305: 'argument': truncation from 'double' to 'float'
E:\2k18 4-2\Graphics lab Assignments\My Assignments\Assignment_lab_3\Lighting on Food Court\main.cpp(767,51): warning C4305: 'argument': truncation from 'double' to 'float'
E:\2k18 4-2\Graphics lab Assignments\My Assignments\Assignment_lab_3\Lighting on Food Court\main.cpp(767,42): warning C4305: 'argument': truncation from 'double' to 'float'
E:\2k18 4-2\Graphics lab Assignments\My Assignments\Assignment_lab_3\Lighting on Food Court\main.cpp(768,60): warning C4305: 'argument': truncation from 'double' to 'float'
E:\2k18 4-2\Graphics lab Assignments\My Assignments\Assignment_lab_3\Lighting on Food Court\main.cpp(768,54): warning C4305: 'argument': truncation from 'double' to 'float'
E:\2k18 4-2\Graphics lab Assignments\My Assignments\Assignment_lab_3\Lighting on Food Court\main.cpp(768,46): warning C4305: 'argument': truncation from 'double' to 'float'
  ShoppingMall.vcxproj -> E:\2k18 4-2\Graphics lab Assignments\My Assignments\Assignment_lab_3\Lighting on Food Court\x64\Debug\ShoppingMall.exe
